# 2.B.1 Canaries/Cookies 和 Relro 介绍
Stack Canary 是一种针对栈溢出的缓解措施，通常的做法是将随机值放在堆栈的底部，该堆栈地址位于我们输入变量的下方，如果在栈溢出的时候，要覆盖返回地址达到任意命令执行，那么在写到返回地址的过程中，就会覆盖掉canary，这时候程序就会退出，从而达到一个保护。

对比一下开启了canary编译的代码和未开启的

```cpp
//开启
gef➤  disas main
Dump of assembler code for function main:
   0x0000000000401132 <+0>:    push   rbp
   0x0000000000401133 <+1>:    mov    rbp,rsp
   0x0000000000401136 <+4>:    sub    rsp,0x20
   0x000000000040113a <+8>:    mov    rax,QWORD PTR fs:0x28
   0x0000000000401143 <+17>:    mov    QWORD PTR [rbp-0x8],rax
   0x0000000000401147 <+21>:    xor    eax,eax
   0x0000000000401149 <+23>:    mov    rdx,QWORD PTR [rip+0x2ef0]        # 0x404040 <stdin@@GLIBC_2.2.5>
   0x0000000000401150 <+30>:    lea    rax,[rbp-0x12]
   0x0000000000401154 <+34>:    mov    esi,0x9
   0x0000000000401159 <+39>:    mov    rdi,rax
   0x000000000040115c <+42>:    call   0x401040 <fgets@plt>
   0x0000000000401161 <+47>:    mov    DWORD PTR [rbp-0x18],0x5
   0x0000000000401168 <+54>:    nop
   0x0000000000401169 <+55>:    mov    rax,QWORD PTR [rbp-0x8]
   0x000000000040116d <+59>:    xor    rax,QWORD PTR fs:0x28
   0x0000000000401176 <+68>:    je     0x40117d <main+75>
   0x0000000000401178 <+70>:    call   0x401030 <__stack_chk_fail@plt>
   0x000000000040117d <+75>:    leave  
   0x000000000040117e <+76>:    ret    
End of assembler dump.

//不开启
gef➤  disas main
Dump of assembler code for function main:
   0x0000000000401122 <+0>:    push   rbp
   0x0000000000401123 <+1>:    mov    rbp,rsp
   0x0000000000401126 <+4>:    sub    rsp,0x10
   0x000000000040112a <+8>:    mov    rdx,QWORD PTR [rip+0x2eff]        # 0x404030 <stdin@@GLIBC_2.2.5>
   0x0000000000401131 <+15>:    lea    rax,[rbp-0xe]
   0x0000000000401135 <+19>:    mov    esi,0x9
   0x000000000040113a <+24>:    mov    rdi,rax
   0x000000000040113d <+27>:    call   0x401030 <fgets@plt>
   0x0000000000401142 <+32>:    mov    DWORD PTR [rbp-0x4],0x5
   0x0000000000401149 <+39>:    nop
   0x000000000040114a <+40>:    leave  
   0x000000000040114b <+41>:    ret    
End of assembler dump.
```
差别出现在这里，多了一个函数调用

```cpp
0x0000000000401169 <+55>:    mov    rax,QWORD PTR [rbp-0x8]
0x000000000040116d <+59>:    xor    rax,QWORD PTR fs:0x28
0x0000000000401176 <+68>:    je     0x40117d <main+75>
0x0000000000401178 <+70>:    call   0x401030 <__stack_chk_fail@plt>
```
我们在内存中查看stack canary

```cpp
Breakpoint 1, 0x0000000000401168 in main ()
[ Legend: Modified register | Code | Heap | Stack | String ]
───────────────────────────────────────────────────────────────── registers ────
$rax   : 0x00007fffffffdfde  →  0x7fffffffe0d0000a
$rbx   : 0x0               
$rcx   : 0xfbad2288        
$rdx   : 0x00007fffffffdfde  →  0x7fffffffe0d0000a
$rsp   : 0x00007fffffffdfd0  →  0x0000000000401180  →  <__libc_csu_init+0> push r15
$rbp   : 0x00007fffffffdff0  →  0x0000000000401180  →  <__libc_csu_init+0> push r15
$rsi   : 0x00007ffff7fb2590  →  0x0000000000000000
$rdi   : 0x0               
$rip   : 0x0000000000401168  →  <main+54> nop
$r8    : 0x00007ffff7fb2580  →  0x0000000000000000
$r9    : 0x00007ffff7fb7500  →  0x00007ffff7fb7500  →  [loop detected]
$r10   : 0x00007ffff7fafca0  →  0x0000000000405660  →  0x0000000000000000
$r11   : 0x246             
$r12   : 0x0000000000401050  →  <_start+0> xor ebp, ebp
$r13   : 0x00007fffffffe0d0  →  0x0000000000000001
$r14   : 0x0               
$r15   : 0x0               
$eflags: [ZERO carry PARITY adjust sign trap INTERRUPT direction overflow resume virtualx86 identification]
$cs: 0x0033 $ss: 0x002b $ds: 0x0000 $es: 0x0000 $fs: 0x0000 $gs: 0x0000
───────────────────────────────────────────────────────────────────── stack ────
0x00007fffffffdfd0│+0x0000: 0x0000000000401180  →  <__libc_csu_init+0> push r15 ← $rsp
0x00007fffffffdfd8│+0x0008: 0x000a000000000005
0x00007fffffffdfe0│+0x0010: 0x00007fffffffe0d0  →  0x0000000000000001
0x00007fffffffdfe8│+0x0018: 0x92105577ff879300
0x00007fffffffdff0│+0x0020: 0x0000000000401180  →  <__libc_csu_init+0> push r15 ← $rbp
0x00007fffffffdff8│+0x0028: 0x00007ffff7df1b6b  →  <__libc_start_main+235> mov edi, eax
0x00007fffffffe000│+0x0030: 0x0000000000000000
0x00007fffffffe008│+0x0038: 0x00007fffffffe0d8  →  0x00007fffffffe3f7  →  "/tmp/tryc"
─────────────────────────────────────────────────────────────── code:x86:64 ────
     0x401159 <main+39>        mov    rdi, rax
     0x40115c <main+42>        call   0x401040 <fgets@plt>
     0x401161 <main+47>        mov    DWORD PTR [rbp-0x18], 0x5
 →   0x401168 <main+54>        nop    
     0x401169 <main+55>        mov    rax, QWORD PTR [rbp-0x8]
     0x40116d <main+59>        xor    rax, QWORD PTR fs:0x28
     0x401176 <main+68>        je     0x40117d <main+75>
     0x401178 <main+70>        call   0x401030 <__stack_chk_fail@plt>
     0x40117d <main+75>        leave  
─────────────────────────────────────────────────────────────────── threads ────
[#0] Id 1, Name: "tryc", stopped, reason: BREAKPOINT
───────────────────────────────────────────────────────────────────── trace ────
[#0] 0x401168 → main()
────────────────────────────────────────────────────────────────────────────────
gef➤  x/g $rbp-0x8
0x7fffffffdfe8:    0x92105577ff879300
```
因为它符合canary的几个特点，所以这里我们把它作为canary。

首先它作为参数被 \_\_stack\_chk\_fail函数所调用，其次它在合适的内存位置上，最后一个是它的值符合canary的规律。

对于x64的ELF，前7个字节是随机的，最后一个是null。

对于x32的ELF，前3个字节是随机的，最后一个是null。

如果试图修改这个值，那么程序就会退出

```cpp
gef➤  x/g $rbp-0x8
0x7fffffffdfe8:    0x92105577ff879300
gef➤  set *0x7fffffffdfe8 = 0x0
gef➤  x/g $rbp-0x8
0x7fffffffdfe8:    0x9210557700000000
gef➤  c
Continuing.
*** stack smashing detected ***: <unknown> terminated
```
bypass方案就值能够使用它的值覆盖掉它，这样程序才能正常执行通过，前提是我们需要知道它的值。要确定它的值，两种方式: 1.泄漏地址，2.爆破canary

```cpp
─────────────────────────────────────────────────────────────────────────────────────────────────────────────────────────────────────────────────────────────────────────────────────────── code:x86:64 ────
     0x401159 <main+39>        mov    rdi, rax
     0x40115c <main+42>        call   0x401040 <fgets@plt>
     0x401161 <main+47>        mov    DWORD PTR [rbp-0x18], 0x5
 →   0x401168 <main+54>        nop    
     0x401169 <main+55>        mov    rax, QWORD PTR [rbp-0x8]
     0x40116d <main+59>        xor    rax, QWORD PTR fs:0x28
     0x401176 <main+68>        je     0x40117d <main+75>
     0x401178 <main+70>        call   0x401030 <__stack_chk_fail@plt>
     0x40117d <main+75>        leave  
─────────────────────────────────────────────────────────────────────────────────────────────────────────────────────────────────────────────────────────────────────────────────────────────── threads ────
[#0] Id 1, Name: "tryc", stopped, reason: BREAKPOINT
───────────────────────────────────────────────────────────────────────────────────────────────────────────────────────────────────────────────────────────────────────────────────────────────── trace ────
[#0] 0x401168 → main()
────────────────────────────────────────────────────────────────────────────────────────────────────────────────────────────────────────────────────────────────────────────────────────────────────────────
gef➤  x/g $rbp-0x8
0x7fffffffdfe8:    0x62c8c8d34092fd00
gef➤  set *0x7fffffffdfe8 = 0x4092fd00
gef➤  x/g $rbp-0x8
0x7fffffffdfe8:    0x62c8c8d34092fd00
gef➤  c
Continuing.
[Inferior 1 (process 7134) exited normally]
```
Relro 和 NX 类似，都是修改内存的权限，不过 Relro 是把内存修改为只读权限，不可写，最常见的一种方法是阻止我们写入got 表。

GOT表保存了libc函数的地址，以便二进制文件方便调用这些函数。下面我们来对比下开启relro和不开启relro的区别

```cpp
//开启
gef➤  vmmap
Start              End                Offset             Perm Path
0x0000555555554000 0x0000555555555000 0x0000000000000000 r-- /tmp/tryc
0x0000555555555000 0x0000555555556000 0x0000000000001000 r-x /tmp/tryc
0x0000555555556000 0x0000555555557000 0x0000000000002000 r-- /tmp/tryc
0x0000555555557000 0x0000555555558000 0x0000000000002000 r-- /tmp/tryc
0x0000555555558000 0x0000555555559000 0x0000000000003000 rw- /tmp/tryc
0x0000555555559000 0x000055555557a000 0x0000000000000000 rw- [heap]
0x00007ffff7dcb000 0x00007ffff7df0000 0x0000000000000000 r-- /usr/lib/x86_64-linux-gnu/libc-2.29.so
0x00007ffff7df0000 0x00007ffff7f63000 0x0000000000025000 r-x /usr/lib/x86_64-linux-gnu/libc-2.29.so
0x00007ffff7f63000 0x00007ffff7fac000 0x0000000000198000 r-- /usr/lib/x86_64-linux-gnu/libc-2.29.so
0x00007ffff7fac000 0x00007ffff7faf000 0x00000000001e0000 r-- /usr/lib/x86_64-linux-gnu/libc-2.29.so
0x00007ffff7faf000 0x00007ffff7fb2000 0x00000000001e3000 rw- /usr/lib/x86_64-linux-gnu/libc-2.29.so
0x00007ffff7fb2000 0x00007ffff7fb8000 0x0000000000000000 rw-
0x00007ffff7fce000 0x00007ffff7fd1000 0x0000000000000000 r-- [vvar]
0x00007ffff7fd1000 0x00007ffff7fd2000 0x0000000000000000 r-x [vdso]
0x00007ffff7fd2000 0x00007ffff7fd3000 0x0000000000000000 r-- /usr/lib/x86_64-linux-gnu/ld-2.29.so
0x00007ffff7fd3000 0x00007ffff7ff4000 0x0000000000001000 r-x /usr/lib/x86_64-linux-gnu/ld-2.29.so
0x00007ffff7ff4000 0x00007ffff7ffc000 0x0000000000022000 r-- /usr/lib/x86_64-linux-gnu/ld-2.29.so
0x00007ffff7ffc000 0x00007ffff7ffd000 0x0000000000029000 r-- /usr/lib/x86_64-linux-gnu/ld-2.29.so
0x00007ffff7ffd000 0x00007ffff7ffe000 0x000000000002a000 rw- /usr/lib/x86_64-linux-gnu/ld-2.29.so
0x00007ffff7ffe000 0x00007ffff7fff000 0x0000000000000000 rw-
0x00007ffffffde000 0x00007ffffffff000 0x0000000000000000 rw- [stack]
0xffffffffff600000 0xffffffffff601000 0x0000000000000000 r-x [vsyscall]
gef➤  p fgets
$2 = {char *(char *, int, FILE *)} 0x7ffff7e4d100 <_IO_fgets>
gef➤  search-pattern 0x7ffff7e4d100
[+] Searching '\x00\xd1\xe4\xf7\xff\x7f' in memory
[+] In '/tmp/tryc'(0x555555557000-0x555555558000), permission=r--
  0x555555557fd0 - 0x555555557fe8  →   "\x00\xd1\xe4\xf7\xff\x7f[...]"

//不开启
gef➤  vmmap
Start              End                Offset             Perm Path
0x0000000000400000 0x0000000000401000 0x0000000000000000 r-- /tmp/try
0x0000000000401000 0x0000000000402000 0x0000000000001000 r-x /tmp/try
0x0000000000402000 0x0000000000403000 0x0000000000002000 r-- /tmp/try
0x0000000000403000 0x0000000000404000 0x0000000000002000 r-- /tmp/try
0x0000000000404000 0x0000000000405000 0x0000000000003000 rw- /tmp/try
0x0000000000405000 0x0000000000426000 0x0000000000000000 rw- [heap]
0x00007ffff7dcb000 0x00007ffff7df0000 0x0000000000000000 r-- /usr/lib/x86_64-linux-gnu/libc-2.29.so
0x00007ffff7df0000 0x00007ffff7f63000 0x0000000000025000 r-x /usr/lib/x86_64-linux-gnu/libc-2.29.so
0x00007ffff7f63000 0x00007ffff7fac000 0x0000000000198000 r-- /usr/lib/x86_64-linux-gnu/libc-2.29.so
0x00007ffff7fac000 0x00007ffff7faf000 0x00000000001e0000 r-- /usr/lib/x86_64-linux-gnu/libc-2.29.so
0x00007ffff7faf000 0x00007ffff7fb2000 0x00000000001e3000 rw- /usr/lib/x86_64-linux-gnu/libc-2.29.so
0x00007ffff7fb2000 0x00007ffff7fb8000 0x0000000000000000 rw-
0x00007ffff7fce000 0x00007ffff7fd1000 0x0000000000000000 r-- [vvar]
0x00007ffff7fd1000 0x00007ffff7fd2000 0x0000000000000000 r-x [vdso]
0x00007ffff7fd2000 0x00007ffff7fd3000 0x0000000000000000 r-- /usr/lib/x86_64-linux-gnu/ld-2.29.so
0x00007ffff7fd3000 0x00007ffff7ff4000 0x0000000000001000 r-x /usr/lib/x86_64-linux-gnu/ld-2.29.so
0x00007ffff7ff4000 0x00007ffff7ffc000 0x0000000000022000 r-- /usr/lib/x86_64-linux-gnu/ld-2.29.so
0x00007ffff7ffc000 0x00007ffff7ffd000 0x0000000000029000 r-- /usr/lib/x86_64-linux-gnu/ld-2.29.so
0x00007ffff7ffd000 0x00007ffff7ffe000 0x000000000002a000 rw- /usr/lib/x86_64-linux-gnu/ld-2.29.so
0x00007ffff7ffe000 0x00007ffff7fff000 0x0000000000000000 rw-
0x00007ffffffde000 0x00007ffffffff000 0x0000000000000000 rw- [stack]
0xffffffffff600000 0xffffffffff601000 0x0000000000000000 r-x [vsyscall]
gef➤  p fgets
$2 = {char *(char *, int, FILE *)} 0x7ffff7e4d100 <_IO_fgets>
gef➤  search-pattern 0x7ffff7e4d100
[+] Searching '\x00\xd1\xe4\xf7\xff\x7f' in memory
[+] In '/tmp/try'(0x404000-0x405000), permission=rw-
  0x404018 - 0x404030  →   "\x00\xd1\xe4\xf7\xff\x7f[...]"
```
从上面可以看到，在开启relro的代码中，fgets函数的地址是0x555555557fd0，这个地址在内存地址范围的 0x0000555555557000 0x0000555555558000 0x0000000000002000 r-- /tmp/tryc 中，这里的权限只可读

在不开启relro的代码中，fgets函数的地址是0x404018，这个地址在内存地址范围 0x0000000000404000 0x0000000000405000 0x0000000000003000 rw- /tmp/try 中，有rw权限。