# 2.8.1 NX/XN/DEP
**NX简单来说就是Stack上没有执行权限**

下面是Stack可以执行(没有开启NX)

```python
gef➤  vmmap
Start      End        Offset     Perm Path
0x08048000 0x08049000 0x00000000 r-x /home/vuln/nightmare/modules/06-bof_shellcode/tu18_shellaeasy/shella-easy
0x08049000 0x0804a000 0x00000000 r-x /home/vuln/nightmare/modules/06-bof_shellcode/tu18_shellaeasy/shella-easy
0x0804a000 0x0804b000 0x00001000 rwx /home/vuln/nightmare/modules/06-bof_shellcode/tu18_shellaeasy/shella-easy
0xb7e18000 0xb7e19000 0x00000000 rwx
0xb7e19000 0xb7fc9000 0x00000000 r-x /lib/i386-linux-gnu/libc-2.23.so
0xb7fc9000 0xb7fcb000 0x001af000 r-x /lib/i386-linux-gnu/libc-2.23.so
0xb7fcb000 0xb7fcc000 0x001b1000 rwx /lib/i386-linux-gnu/libc-2.23.so
0xb7fcc000 0xb7fcf000 0x00000000 rwx
0xb7fd6000 0xb7fd7000 0x00000000 rwx
0xb7fd7000 0xb7fda000 0x00000000 r-- [vvar]
0xb7fda000 0xb7fdb000 0x00000000 r-x [vdso]
0xb7fdb000 0xb7ffe000 0x00000000 r-x /lib/i386-linux-gnu/ld-2.23.so
0xb7ffe000 0xb7fff000 0x00022000 r-x /lib/i386-linux-gnu/ld-2.23.so
0xb7fff000 0xb8000000 0x00023000 rwx /lib/i386-linux-gnu/ld-2.23.so
0xbffdf000 0xc0000000 0x00000000 rwx [stack]
```
Stack不能执行（开启NX）

```python
gef➤  vmmap
Start              End                Offset             Perm Path
0x0000000000400000 0x00000000004c1000 0x0000000000000000 r-x /home/vuln/nightmare/modules/07-bof_static/bkp16_simplecalc/simplecalc
0x00000000006c0000 0x00000000006c3000 0x00000000000c0000 rw- /home/vuln/nightmare/modules/07-bof_static/bkp16_simplecalc/simplecalc
0x00000000006c3000 0x00000000006e9000 0x0000000000000000 rw- [heap]
0x00007ffff7ffb000 0x00007ffff7ffe000 0x0000000000000000 r-- [vvar]
0x00007ffff7ffe000 0x00007ffff7fff000 0x0000000000000000 r-x [vdso]
0x00007ffffffde000 0x00007ffffffff000 0x0000000000000000 rw- [stack]
0xffffffffff600000 0xffffffffff601000 0x0000000000000000 r-x [vsyscall]
```
在开启NX的程序上跳到Stack，会出现错误

```python
gef➤  j *0x00007ffffffde000
Continuing at 0x7ffffffde000.

Program received signal SIGSEGV, Segmentation fault.
0x00007ffffffde000 in ?? ()
[ Legend: Modified register | Code | Heap | Stack | String ]
────────────────────────────────────────────────────────────────────────────────────── registers ────
$rax   : 0xfffffffffffffe00
$rbx   : 0x00007ffff7fafa00  →  0x00000000fbad2288
$rcx   : 0x00007ffff7ed7f81  →  0x5777fffff0003d48 ("H="?)
$rdx   : 0x400             
$rsp   : 0x00007fffffffdee8  →  0x00007ffff7e5ae50  →  <_IO_file_underflow+336> test rax, rax
$rbp   : 0xd68             
$rsi   : 0x0000555555559260  →  0x0000000000000000
$rdi   : 0x0               
$rip   : 0x00007ffffffde000  →  0x0000000000000000
$r8    : 0x00007ffff7fb2580  →  0x0000000000000000
$r9    : 0x00007ffff7fb7500  →  0x00007ffff7fb7500  →  [loop detected]
$r10   : 0x00007ffff7fafca0  →  0x0000555555559660  →  0x0000000000000000
$r11   : 0x246             
$r12   : 0x00007ffff7fb0960  →  0x0000000000000000
$r13   : 0x00007ffff7fb1560  →  0x0000000000000000
$r14   : 0x00007ffff7fb0848  →  0x00007ffff7fb0760  →  0x00000000fbad2084
$r15   : 0x00007ffff7fafa00  →  0x00000000fbad2288
$eflags: [ZERO carry PARITY adjust sign trap INTERRUPT direction overflow RESUME virtualx86 identification]
$cs: 0x0033 $ss: 0x002b $ds: 0x0000 $es: 0x0000 $fs: 0x0000 $gs: 0x0000
────────────────────────────────────────────────────────────────────────────────────────── stack ────
0x00007fffffffdee8│+0x0000: 0x00007ffff7e5ae50  →  <_IO_file_underflow+336> test rax, rax     ← $rsp
0x00007fffffffdef0│+0x0008: 0x00007ffff7f7a447  →  "__vdso_getcpu"
0x00007fffffffdef8│+0x0010: 0x00007ffff7fafa00  →  0x00000000fbad2288
0x00007fffffffdf00│+0x0018: 0x00007ffff7fb1560  →  0x0000000000000000
0x00007fffffffdf08│+0x0020: 0x000000000000000a
0x00007fffffffdf10│+0x0028: 0x0000000000000000
0x00007fffffffdf18│+0x0030: 0x0000000000000008
0x00007fffffffdf20│+0x0038: 0x00007ffff7fafa00  →  0x00000000fbad2288
──────────────────────────────────────────────────────────────────────────────────── code:x86:64 ────
   0x7ffffffddffa                  add    BYTE PTR [rax], al
   0x7ffffffddffc                  add    BYTE PTR [rax], al
   0x7ffffffddffe                  add    BYTE PTR [rax], al
 → 0x7ffffffde000                  add    BYTE PTR [rax], al
   0x7ffffffde002                  add    BYTE PTR [rax], al
   0x7ffffffde004                  add    BYTE PTR [rax], al
   0x7ffffffde006                  add    BYTE PTR [rax], al
   0x7ffffffde008                  add    BYTE PTR [rax], al
   0x7ffffffde00a                  add    BYTE PTR [rax], al
──────────────────────────────────────────────────────────────────────────────────────── threads ────
[#0] Id 1, Name: "tryc", stopped, reason: SIGSEGV
────────────────────────────────────────────────────────────────────────────────────────── trace ────
[#0] 0x7ffffffde000 → add BYTE PTR [rax], al
[#1] 0x7ffff7e5ae50 → _IO_new_file_underflow(fp=0x7ffff7fafa00 <_IO_2_1_stdin_>)
[#2] 0x7ffff7e5c182 → __GI__IO_default_uflow(fp=0x7ffff7fafa00 <_IO_2_1_stdin_>)
[#3] 0x7ffff7e4e1fa → __GI__IO_getline_info(fp=0x7ffff7fafa00 <_IO_2_1_stdin_>, buf=0x7fffffffdfde "", n=0x8, delim=0xa, extract_delim=0x1, eof=0x0)
[#4] 0x7ffff7e4e2e8 → __GI__IO_getline(fp=0x7ffff7fafa00 <_IO_2_1_stdin_>, buf=0x7fffffffdfde "", n=<optimized out>, delim=0xa, extract_delim=0x1)
[#5] 0x7ffff7e4d1ab → _IO_fgets(buf=0x7fffffffdfde "", n=<optimized out>, fp=0x7ffff7fafa00 <_IO_2_1_stdin_>)
[#6] 0x555555555174 → main()
```
对于如何绕过NX，一般来说，是寻找一些开启NX的区域，或者是构造ROP来执行任意代码